memory[0]=8519700
memory[1]=8585237
memory[2]=8716306
memory[3]=8847378
memory[4]=5963779
memory[5]=8323079
memory[6]=8060932
memory[7]=17039361
memory[8]=655361
memory[9]=12845075
memory[10]=19660806
memory[11]=1179650
memory[12]=8323079
memory[13]=4128775
memory[14]=8781842
memory[15]=3473413
memory[16]=16842740
memory[17]=25165824
memory[18]=1
memory[19]=15
memory[20]=5
memory[21]=7

@@@
state:
	pc 0
	memory:
		mem[ 0 ] 8519700
		mem[ 1 ] 8585237
		mem[ 2 ] 8716306
		mem[ 3 ] 8847378
		mem[ 4 ] 5963779
		mem[ 5 ] 8323079
		mem[ 6 ] 8060932
		mem[ 7 ] 17039361
		mem[ 8 ] 655361
		mem[ 9 ] 12845075
		mem[ 10 ] 19660806
		mem[ 11 ] 1179650
		mem[ 12 ] 8323079
		mem[ 13 ] 4128775
		mem[ 14 ] 8781842
		mem[ 15 ] 3473413
		mem[ 16 ] 16842740
		mem[ 17 ] 25165824
		mem[ 18 ] 1
		mem[ 19 ] 15
		mem[ 20 ] 5
		mem[ 21 ] 7
	registers:
		reg[ 0 ] 0
		reg[ 1 ] 0
		reg[ 2 ] 0
		reg[ 3 ] 0
		reg[ 4 ] 0
		reg[ 5 ] 0
		reg[ 6 ] 0
		reg[ 7 ] 0
end state

@@@
state:
	pc 1
	memory:
		mem[ 0 ] 8519700
		mem[ 1 ] 8585237
		mem[ 2 ] 8716306
		mem[ 3 ] 8847378
		mem[ 4 ] 5963779
		mem[ 5 ] 8323079
		mem[ 6 ] 8060932
		mem[ 7 ] 17039361
		mem[ 8 ] 655361
		mem[ 9 ] 12845075
		mem[ 10 ] 19660806
		mem[ 11 ] 1179650
		mem[ 12 ] 8323079
		mem[ 13 ] 4128775
		mem[ 14 ] 8781842
		mem[ 15 ] 3473413
		mem[ 16 ] 16842740
		mem[ 17 ] 25165824
		mem[ 18 ] 1
		mem[ 19 ] 15
		mem[ 20 ] 5
		mem[ 21 ] 7
	registers:
		reg[ 0 ] 0
		reg[ 1 ] 0
		reg[ 2 ] 5
		reg[ 3 ] 0
		reg[ 4 ] 0
		reg[ 5 ] 0
		reg[ 6 ] 0
		reg[ 7 ] 0
end state

@@@
state:
	pc 2
	memory:
		mem[ 0 ] 8519700
		mem[ 1 ] 8585237
		mem[ 2 ] 8716306
		mem[ 3 ] 8847378
		mem[ 4 ] 5963779
		mem[ 5 ] 8323079
		mem[ 6 ] 8060932
		mem[ 7 ] 17039361
		mem[ 8 ] 655361
		mem[ 9 ] 12845075
		mem[ 10 ] 19660806
		mem[ 11 ] 1179650
		mem[ 12 ] 8323079
		mem[ 13 ] 4128775
		mem[ 14 ] 8781842
		mem[ 15 ] 3473413
		mem[ 16 ] 16842740
		mem[ 17 ] 25165824
		mem[ 18 ] 1
		mem[ 19 ] 15
		mem[ 20 ] 5
		mem[ 21 ] 7
	registers:
		reg[ 0 ] 0
		reg[ 1 ] 0
		reg[ 2 ] 5
		reg[ 3 ] 7
		reg[ 4 ] 0
		reg[ 5 ] 0
		reg[ 6 ] 0
		reg[ 7 ] 0
end state

@@@
state:
	pc 3
	memory:
		mem[ 0 ] 8519700
		mem[ 1 ] 8585237
		mem[ 2 ] 8716306
		mem[ 3 ] 8847378
		mem[ 4 ] 5963779
		mem[ 5 ] 8323079
		mem[ 6 ] 8060932
		mem[ 7 ] 17039361
		mem[ 8 ] 655361
		mem[ 9 ] 12845075
		mem[ 10 ] 19660806
		mem[ 11 ] 1179650
		mem[ 12 ] 8323079
		mem[ 13 ] 4128775
		mem[ 14 ] 8781842
		mem[ 15 ] 3473413
		mem[ 16 ] 16842740
		mem[ 17 ] 25165824
		mem[ 18 ] 1
		mem[ 19 ] 15
		mem[ 20 ] 5
		mem[ 21 ] 7
	registers:
		reg[ 0 ] 0
		reg[ 1 ] 0
		reg[ 2 ] 5
		reg[ 3 ] 7
		reg[ 4 ] 0
		reg[ 5 ] 1
		reg[ 6 ] 0
		reg[ 7 ] 0
end state

@@@
state:
	pc 4
	memory:
		mem[ 0 ] 8519700
		mem[ 1 ] 8585237
		mem[ 2 ] 8716306
		mem[ 3 ] 8847378
		mem[ 4 ] 5963779
		mem[ 5 ] 8323079
		mem[ 6 ] 8060932
		mem[ 7 ] 17039361
		mem[ 8 ] 655361
		mem[ 9 ] 12845075
		mem[ 10 ] 19660806
		mem[ 11 ] 1179650
		mem[ 12 ] 8323079
		mem[ 13 ] 4128775
		mem[ 14 ] 8781842
		mem[ 15 ] 3473413
		mem[ 16 ] 16842740
		mem[ 17 ] 25165824
		mem[ 18 ] 1
		mem[ 19 ] 15
		mem[ 20 ] 5
		mem[ 21 ] 7
	registers:
		reg[ 0 ] 0
		reg[ 1 ] 0
		reg[ 2 ] 5
		reg[ 3 ] 7
		reg[ 4 ] 0
		reg[ 5 ] 1
		reg[ 6 ] 0
		reg[ 7 ] 1
end state

@@@
state:
	pc 5
	memory:
		mem[ 0 ] 8519700
		mem[ 1 ] 8585237
		mem[ 2 ] 8716306
		mem[ 3 ] 8847378
		mem[ 4 ] 5963779
		mem[ 5 ] 8323079
		mem[ 6 ] 8060932
		mem[ 7 ] 17039361
		mem[ 8 ] 655361
		mem[ 9 ] 12845075
		mem[ 10 ] 19660806
		mem[ 11 ] 1179650
		mem[ 12 ] 8323079
		mem[ 13 ] 4128775
		mem[ 14 ] 8781842
		mem[ 15 ] 3473413
		mem[ 16 ] 16842740
		mem[ 17 ] 25165824
		mem[ 18 ] 1
		mem[ 19 ] 15
		mem[ 20 ] 5
		mem[ 21 ] 7
	registers:
		reg[ 0 ] 0
		reg[ 1 ] 0
		reg[ 2 ] 5
		reg[ 3 ] 1
		reg[ 4 ] 0
		reg[ 5 ] 1
		reg[ 6 ] 0
		reg[ 7 ] 1
end state

@@@
state:
	pc 6
	memory:
		mem[ 0 ] 8519700
		mem[ 1 ] 8585237
		mem[ 2 ] 8716306
		mem[ 3 ] 8847378
		mem[ 4 ] 5963779
		mem[ 5 ] 8323079
		mem[ 6 ] 8060932
		mem[ 7 ] 17039361
		mem[ 8 ] 655361
		mem[ 9 ] 12845075
		mem[ 10 ] 19660806
		mem[ 11 ] 1179650
		mem[ 12 ] 8323079
		mem[ 13 ] 4128775
		mem[ 14 ] 8781842
		mem[ 15 ] 3473413
		mem[ 16 ] 16842740
		mem[ 17 ] 25165824
		mem[ 18 ] 1
		mem[ 19 ] 15
		mem[ 20 ] 5
		mem[ 21 ] 7
	registers:
		reg[ 0 ] 0
		reg[ 1 ] 0
		reg[ 2 ] 5
		reg[ 3 ] 1
		reg[ 4 ] 0
		reg[ 5 ] 1
		reg[ 6 ] 0
		reg[ 7 ] 1
end state

@@@
state:
	pc 7
	memory:
		mem[ 0 ] 8519700
		mem[ 1 ] 8585237
		mem[ 2 ] 8716306
		mem[ 3 ] 8847378
		mem[ 4 ] 5963779
		mem[ 5 ] 8323079
		mem[ 6 ] 8060932
		mem[ 7 ] 17039361
		mem[ 8 ] 655361
		mem[ 9 ] 12845075
		mem[ 10 ] 19660806
		mem[ 11 ] 1179650
		mem[ 12 ] 8323079
		mem[ 13 ] 4128775
		mem[ 14 ] 8781842
		mem[ 15 ] 3473413
		mem[ 16 ] 16842740
		mem[ 17 ] 25165824
		mem[ 18 ] 1
		mem[ 19 ] 15
		mem[ 20 ] 5
		mem[ 21 ] 7
	registers:
		reg[ 0 ] 0
		reg[ 1 ] 0
		reg[ 2 ] 5
		reg[ 3 ] 1
		reg[ 4 ] 1
		reg[ 5 ] 1
		reg[ 6 ] 0
		reg[ 7 ] 1
end state

@@@
state:
	pc 8
	memory:
		mem[ 0 ] 8519700
		mem[ 1 ] 8585237
		mem[ 2 ] 8716306
		mem[ 3 ] 8847378
		mem[ 4 ] 5963779
		mem[ 5 ] 8323079
		mem[ 6 ] 8060932
		mem[ 7 ] 17039361
		mem[ 8 ] 655361
		mem[ 9 ] 12845075
		mem[ 10 ] 19660806
		mem[ 11 ] 1179650
		mem[ 12 ] 8323079
		mem[ 13 ] 4128775
		mem[ 14 ] 8781842
		mem[ 15 ] 3473413
		mem[ 16 ] 16842740
		mem[ 17 ] 25165824
		mem[ 18 ] 1
		mem[ 19 ] 15
		mem[ 20 ] 5
		mem[ 21 ] 7
	registers:
		reg[ 0 ] 0
		reg[ 1 ] 0
		reg[ 2 ] 5
		reg[ 3 ] 1
		reg[ 4 ] 1
		reg[ 5 ] 1
		reg[ 6 ] 0
		reg[ 7 ] 1
end state

@@@
state:
	pc 9
	memory:
		mem[ 0 ] 8519700
		mem[ 1 ] 8585237
		mem[ 2 ] 8716306
		mem[ 3 ] 8847378
		mem[ 4 ] 5963779
		mem[ 5 ] 8323079
		mem[ 6 ] 8060932
		mem[ 7 ] 17039361
		mem[ 8 ] 655361
		mem[ 9 ] 12845075
		mem[ 10 ] 19660806
		mem[ 11 ] 1179650
		mem[ 12 ] 8323079
		mem[ 13 ] 4128775
		mem[ 14 ] 8781842
		mem[ 15 ] 3473413
		mem[ 16 ] 16842740
		mem[ 17 ] 25165824
		mem[ 18 ] 1
		mem[ 19 ] 15
		mem[ 20 ] 5
		mem[ 21 ] 7
	registers:
		reg[ 0 ] 0
		reg[ 1 ] 5
		reg[ 2 ] 5
		reg[ 3 ] 1
		reg[ 4 ] 1
		reg[ 5 ] 1
		reg[ 6 ] 0
		reg[ 7 ] 1
end state

@@@
state:
	pc 10
	memory:
		mem[ 0 ] 8519700
		mem[ 1 ] 8585237
		mem[ 2 ] 8716306
		mem[ 3 ] 8847378
		mem[ 4 ] 5963779
		mem[ 5 ] 8323079
		mem[ 6 ] 8060932
		mem[ 7 ] 17039361
		mem[ 8 ] 655361
		mem[ 9 ] 12845075
		mem[ 10 ] 19660806
		mem[ 11 ] 1179650
		mem[ 12 ] 8323079
		mem[ 13 ] 4128775
		mem[ 14 ] 8781842
		mem[ 15 ] 3473413
		mem[ 16 ] 16842740
		mem[ 17 ] 25165824
		mem[ 18 ] 1
		mem[ 19 ] 1
		mem[ 20 ] 5
		mem[ 21 ] 7
	registers:
		reg[ 0 ] 0
		reg[ 1 ] 5
		reg[ 2 ] 5
		reg[ 3 ] 1
		reg[ 4 ] 1
		reg[ 5 ] 1
		reg[ 6 ] 0
		reg[ 7 ] 1
end state

@@@
state:
	pc 17
	memory:
		mem[ 0 ] 8519700
		mem[ 1 ] 8585237
		mem[ 2 ] 8716306
		mem[ 3 ] 8847378
		mem[ 4 ] 5963779
		mem[ 5 ] 8323079
		mem[ 6 ] 8060932
		mem[ 7 ] 17039361
		mem[ 8 ] 655361
		mem[ 9 ] 12845075
		mem[ 10 ] 19660806
		mem[ 11 ] 1179650
		mem[ 12 ] 8323079
		mem[ 13 ] 4128775
		mem[ 14 ] 8781842
		mem[ 15 ] 3473413
		mem[ 16 ] 16842740
		mem[ 17 ] 25165824
		mem[ 18 ] 1
		mem[ 19 ] 1
		mem[ 20 ] 5
		mem[ 21 ] 7
	registers:
		reg[ 0 ] 0
		reg[ 1 ] 5
		reg[ 2 ] 5
		reg[ 3 ] 1
		reg[ 4 ] 1
		reg[ 5 ] 1
		reg[ 6 ] 0
		reg[ 7 ] 1
end state
machine halted
total of 12 instructions executed
final state of machine:

@@@
state:
	pc 18
	memory:
		mem[ 0 ] 8519700
		mem[ 1 ] 8585237
		mem[ 2 ] 8716306
		mem[ 3 ] 8847378
		mem[ 4 ] 5963779
		mem[ 5 ] 8323079
		mem[ 6 ] 8060932
		mem[ 7 ] 17039361
		mem[ 8 ] 655361
		mem[ 9 ] 12845075
		mem[ 10 ] 19660806
		mem[ 11 ] 1179650
		mem[ 12 ] 8323079
		mem[ 13 ] 4128775
		mem[ 14 ] 8781842
		mem[ 15 ] 3473413
		mem[ 16 ] 16842740
		mem[ 17 ] 25165824
		mem[ 18 ] 1
		mem[ 19 ] 1
		mem[ 20 ] 5
		mem[ 21 ] 7
	registers:
		reg[ 0 ] 0
		reg[ 1 ] 5
		reg[ 2 ] 5
		reg[ 3 ] 1
		reg[ 4 ] 1
		reg[ 5 ] 1
		reg[ 6 ] 0
		reg[ 7 ] 1
end state
