memory[0]=8454161
memory[1]=8519696
memory[2]=8585230
memory[3]=8847373
memory[4]=5
memory[5]=851974
memory[6]=16187392
memory[7]=11796480
memory[8]=15990784
memory[9]=2818053
memory[10]=19529729
memory[11]=16842745
memory[12]=25165824
memory[13]=100
memory[14]=1
memory[15]=-1
memory[16]=4
memory[17]=18
memory[18]=0
memory[19]=7
memory[20]=4
memory[21]=6
memory[22]=3

@@@
state:
	pc 0
	memory:
		mem[ 0 ] 8454161
		mem[ 1 ] 8519696
		mem[ 2 ] 8585230
		mem[ 3 ] 8847373
		mem[ 4 ] 5
		mem[ 5 ] 851974
		mem[ 6 ] 16187392
		mem[ 7 ] 11796480
		mem[ 8 ] 15990784
		mem[ 9 ] 2818053
		mem[ 10 ] 19529729
		mem[ 11 ] 16842745
		mem[ 12 ] 25165824
		mem[ 13 ] 100
		mem[ 14 ] 1
		mem[ 15 ] -1
		mem[ 16 ] 4
		mem[ 17 ] 18
		mem[ 18 ] 0
		mem[ 19 ] 7
		mem[ 20 ] 4
		mem[ 21 ] 6
		mem[ 22 ] 3
	registers:
		reg[ 0 ] 0
		reg[ 1 ] 0
		reg[ 2 ] 0
		reg[ 3 ] 0
		reg[ 4 ] 0
		reg[ 5 ] 0
		reg[ 6 ] 0
		reg[ 7 ] 0
end state

@@@
state:
	pc 1
	memory:
		mem[ 0 ] 8454161
		mem[ 1 ] 8519696
		mem[ 2 ] 8585230
		mem[ 3 ] 8847373
		mem[ 4 ] 5
		mem[ 5 ] 851974
		mem[ 6 ] 16187392
		mem[ 7 ] 11796480
		mem[ 8 ] 15990784
		mem[ 9 ] 2818053
		mem[ 10 ] 19529729
		mem[ 11 ] 16842745
		mem[ 12 ] 25165824
		mem[ 13 ] 100
		mem[ 14 ] 1
		mem[ 15 ] -1
		mem[ 16 ] 4
		mem[ 17 ] 18
		mem[ 18 ] 0
		mem[ 19 ] 7
		mem[ 20 ] 4
		mem[ 21 ] 6
		mem[ 22 ] 3
	registers:
		reg[ 0 ] 0
		reg[ 1 ] 18
		reg[ 2 ] 0
		reg[ 3 ] 0
		reg[ 4 ] 0
		reg[ 5 ] 0
		reg[ 6 ] 0
		reg[ 7 ] 0
end state

@@@
state:
	pc 2
	memory:
		mem[ 0 ] 8454161
		mem[ 1 ] 8519696
		mem[ 2 ] 8585230
		mem[ 3 ] 8847373
		mem[ 4 ] 5
		mem[ 5 ] 851974
		mem[ 6 ] 16187392
		mem[ 7 ] 11796480
		mem[ 8 ] 15990784
		mem[ 9 ] 2818053
		mem[ 10 ] 19529729
		mem[ 11 ] 16842745
		mem[ 12 ] 25165824
		mem[ 13 ] 100
		mem[ 14 ] 1
		mem[ 15 ] -1
		mem[ 16 ] 4
		mem[ 17 ] 18
		mem[ 18 ] 0
		mem[ 19 ] 7
		mem[ 20 ] 4
		mem[ 21 ] 6
		mem[ 22 ] 3
	registers:
		reg[ 0 ] 0
		reg[ 1 ] 18
		reg[ 2 ] 4
		reg[ 3 ] 0
		reg[ 4 ] 0
		reg[ 5 ] 0
		reg[ 6 ] 0
		reg[ 7 ] 0
end state

@@@
state:
	pc 3
	memory:
		mem[ 0 ] 8454161
		mem[ 1 ] 8519696
		mem[ 2 ] 8585230
		mem[ 3 ] 8847373
		mem[ 4 ] 5
		mem[ 5 ] 851974
		mem[ 6 ] 16187392
		mem[ 7 ] 11796480
		mem[ 8 ] 15990784
		mem[ 9 ] 2818053
		mem[ 10 ] 19529729
		mem[ 11 ] 16842745
		mem[ 12 ] 25165824
		mem[ 13 ] 100
		mem[ 14 ] 1
		mem[ 15 ] -1
		mem[ 16 ] 4
		mem[ 17 ] 18
		mem[ 18 ] 0
		mem[ 19 ] 7
		mem[ 20 ] 4
		mem[ 21 ] 6
		mem[ 22 ] 3
	registers:
		reg[ 0 ] 0
		reg[ 1 ] 18
		reg[ 2 ] 4
		reg[ 3 ] 1
		reg[ 4 ] 0
		reg[ 5 ] 0
		reg[ 6 ] 0
		reg[ 7 ] 0
end state

@@@
state:
	pc 4
	memory:
		mem[ 0 ] 8454161
		mem[ 1 ] 8519696
		mem[ 2 ] 8585230
		mem[ 3 ] 8847373
		mem[ 4 ] 5
		mem[ 5 ] 851974
		mem[ 6 ] 16187392
		mem[ 7 ] 11796480
		mem[ 8 ] 15990784
		mem[ 9 ] 2818053
		mem[ 10 ] 19529729
		mem[ 11 ] 16842745
		mem[ 12 ] 25165824
		mem[ 13 ] 100
		mem[ 14 ] 1
		mem[ 15 ] -1
		mem[ 16 ] 4
		mem[ 17 ] 18
		mem[ 18 ] 0
		mem[ 19 ] 7
		mem[ 20 ] 4
		mem[ 21 ] 6
		mem[ 22 ] 3
	registers:
		reg[ 0 ] 0
		reg[ 1 ] 18
		reg[ 2 ] 4
		reg[ 3 ] 1
		reg[ 4 ] 0
		reg[ 5 ] 0
		reg[ 6 ] 0
		reg[ 7 ] 100
end state

@@@
state:
	pc 5
	memory:
		mem[ 0 ] 8454161
		mem[ 1 ] 8519696
		mem[ 2 ] 8585230
		mem[ 3 ] 8847373
		mem[ 4 ] 5
		mem[ 5 ] 851974
		mem[ 6 ] 16187392
		mem[ 7 ] 11796480
		mem[ 8 ] 15990784
		mem[ 9 ] 2818053
		mem[ 10 ] 19529729
		mem[ 11 ] 16842745
		mem[ 12 ] 25165824
		mem[ 13 ] 100
		mem[ 14 ] 1
		mem[ 15 ] -1
		mem[ 16 ] 4
		mem[ 17 ] 18
		mem[ 18 ] 0
		mem[ 19 ] 7
		mem[ 20 ] 4
		mem[ 21 ] 6
		mem[ 22 ] 3
	registers:
		reg[ 0 ] 0
		reg[ 1 ] 18
		reg[ 2 ] 4
		reg[ 3 ] 1
		reg[ 4 ] 0
		reg[ 5 ] 0
		reg[ 6 ] 0
		reg[ 7 ] 100
end state

@@@
state:
	pc 6
	memory:
		mem[ 0 ] 8454161
		mem[ 1 ] 8519696
		mem[ 2 ] 8585230
		mem[ 3 ] 8847373
		mem[ 4 ] 5
		mem[ 5 ] 851974
		mem[ 6 ] 16187392
		mem[ 7 ] 11796480
		mem[ 8 ] 15990784
		mem[ 9 ] 2818053
		mem[ 10 ] 19529729
		mem[ 11 ] 16842745
		mem[ 12 ] 25165824
		mem[ 13 ] 100
		mem[ 14 ] 1
		mem[ 15 ] -1
		mem[ 16 ] 4
		mem[ 17 ] 18
		mem[ 18 ] 0
		mem[ 19 ] 7
		mem[ 20 ] 4
		mem[ 21 ] 6
		mem[ 22 ] 3
	registers:
		reg[ 0 ] 0
		reg[ 1 ] 18
		reg[ 2 ] 4
		reg[ 3 ] 1
		reg[ 4 ] 0
		reg[ 5 ] 0
		reg[ 6 ] 18
		reg[ 7 ] 100
end state

@@@
state:
	pc 7
	memory:
		mem[ 0 ] 8454161
		mem[ 1 ] 8519696
		mem[ 2 ] 8585230
		mem[ 3 ] 8847373
		mem[ 4 ] 5
		mem[ 5 ] 851974
		mem[ 6 ] 16187392
		mem[ 7 ] 11796480
		mem[ 8 ] 15990784
		mem[ 9 ] 2818053
		mem[ 10 ] 19529729
		mem[ 11 ] 16842745
		mem[ 12 ] 25165824
		mem[ 13 ] 100
		mem[ 14 ] 1
		mem[ 15 ] -1
		mem[ 16 ] 4
		mem[ 17 ] 18
		mem[ 18 ] 100
		mem[ 19 ] 7
		mem[ 20 ] 4
		mem[ 21 ] 6
		mem[ 22 ] 3
	registers:
		reg[ 0 ] 0
		reg[ 1 ] 18
		reg[ 2 ] 4
		reg[ 3 ] 1
		reg[ 4 ] 0
		reg[ 5 ] 0
		reg[ 6 ] 18
		reg[ 7 ] 100
end state

@@@
state:
	pc 8
	memory:
		mem[ 0 ] 8454161
		mem[ 1 ] 8519696
		mem[ 2 ] 8585230
		mem[ 3 ] 8847373
		mem[ 4 ] 5
		mem[ 5 ] 851974
		mem[ 6 ] 16187392
		mem[ 7 ] 11796480
		mem[ 8 ] 15990784
		mem[ 9 ] 2818053
		mem[ 10 ] 19529729
		mem[ 11 ] 16842745
		mem[ 12 ] 25165824
		mem[ 13 ] 100
		mem[ 14 ] 1
		mem[ 15 ] -1
		mem[ 16 ] 4
		mem[ 17 ] 18
		mem[ 18 ] 100
		mem[ 19 ] 7
		mem[ 20 ] 4
		mem[ 21 ] 6
		mem[ 22 ] 3
	registers:
		reg[ 0 ] 0
		reg[ 1 ] 18
		reg[ 2 ] 4
		reg[ 3 ] 1
		reg[ 4 ] 100
		reg[ 5 ] 0
		reg[ 6 ] 18
		reg[ 7 ] 100
end state

@@@
state:
	pc 9
	memory:
		mem[ 0 ] 8454161
		mem[ 1 ] 8519696
		mem[ 2 ] 8585230
		mem[ 3 ] 8847373
		mem[ 4 ] 5
		mem[ 5 ] 851974
		mem[ 6 ] 16187392
		mem[ 7 ] 11796480
		mem[ 8 ] 15990784
		mem[ 9 ] 2818053
		mem[ 10 ] 19529729
		mem[ 11 ] 16842745
		mem[ 12 ] 25165824
		mem[ 13 ] 100
		mem[ 14 ] 1
		mem[ 15 ] -1
		mem[ 16 ] 4
		mem[ 17 ] 18
		mem[ 18 ] 100
		mem[ 19 ] 7
		mem[ 20 ] 4
		mem[ 21 ] 6
		mem[ 22 ] 3
	registers:
		reg[ 0 ] 0
		reg[ 1 ] 18
		reg[ 2 ] 4
		reg[ 3 ] 1
		reg[ 4 ] 100
		reg[ 5 ] 0
		reg[ 6 ] 18
		reg[ 7 ] 100
end state

@@@
state:
	pc 10
	memory:
		mem[ 0 ] 8454161
		mem[ 1 ] 8519696
		mem[ 2 ] 8585230
		mem[ 3 ] 8847373
		mem[ 4 ] 5
		mem[ 5 ] 851974
		mem[ 6 ] 16187392
		mem[ 7 ] 11796480
		mem[ 8 ] 15990784
		mem[ 9 ] 2818053
		mem[ 10 ] 19529729
		mem[ 11 ] 16842745
		mem[ 12 ] 25165824
		mem[ 13 ] 100
		mem[ 14 ] 1
		mem[ 15 ] -1
		mem[ 16 ] 4
		mem[ 17 ] 18
		mem[ 18 ] 100
		mem[ 19 ] 7
		mem[ 20 ] 4
		mem[ 21 ] 6
		mem[ 22 ] 3
	registers:
		reg[ 0 ] 0
		reg[ 1 ] 18
		reg[ 2 ] 4
		reg[ 3 ] 1
		reg[ 4 ] 100
		reg[ 5 ] 1
		reg[ 6 ] 18
		reg[ 7 ] 100
end state

@@@
state:
	pc 11
	memory:
		mem[ 0 ] 8454161
		mem[ 1 ] 8519696
		mem[ 2 ] 8585230
		mem[ 3 ] 8847373
		mem[ 4 ] 5
		mem[ 5 ] 851974
		mem[ 6 ] 16187392
		mem[ 7 ] 11796480
		mem[ 8 ] 15990784
		mem[ 9 ] 2818053
		mem[ 10 ] 19529729
		mem[ 11 ] 16842745
		mem[ 12 ] 25165824
		mem[ 13 ] 100
		mem[ 14 ] 1
		mem[ 15 ] -1
		mem[ 16 ] 4
		mem[ 17 ] 18
		mem[ 18 ] 100
		mem[ 19 ] 7
		mem[ 20 ] 4
		mem[ 21 ] 6
		mem[ 22 ] 3
	registers:
		reg[ 0 ] 0
		reg[ 1 ] 18
		reg[ 2 ] 4
		reg[ 3 ] 1
		reg[ 4 ] 100
		reg[ 5 ] 1
		reg[ 6 ] 18
		reg[ 7 ] 100
end state

@@@
state:
	pc 5
	memory:
		mem[ 0 ] 8454161
		mem[ 1 ] 8519696
		mem[ 2 ] 8585230
		mem[ 3 ] 8847373
		mem[ 4 ] 5
		mem[ 5 ] 851974
		mem[ 6 ] 16187392
		mem[ 7 ] 11796480
		mem[ 8 ] 15990784
		mem[ 9 ] 2818053
		mem[ 10 ] 19529729
		mem[ 11 ] 16842745
		mem[ 12 ] 25165824
		mem[ 13 ] 100
		mem[ 14 ] 1
		mem[ 15 ] -1
		mem[ 16 ] 4
		mem[ 17 ] 18
		mem[ 18 ] 100
		mem[ 19 ] 7
		mem[ 20 ] 4
		mem[ 21 ] 6
		mem[ 22 ] 3
	registers:
		reg[ 0 ] 0
		reg[ 1 ] 18
		reg[ 2 ] 4
		reg[ 3 ] 1
		reg[ 4 ] 100
		reg[ 5 ] 1
		reg[ 6 ] 18
		reg[ 7 ] 100
end state

@@@
state:
	pc 6
	memory:
		mem[ 0 ] 8454161
		mem[ 1 ] 8519696
		mem[ 2 ] 8585230
		mem[ 3 ] 8847373
		mem[ 4 ] 5
		mem[ 5 ] 851974
		mem[ 6 ] 16187392
		mem[ 7 ] 11796480
		mem[ 8 ] 15990784
		mem[ 9 ] 2818053
		mem[ 10 ] 19529729
		mem[ 11 ] 16842745
		mem[ 12 ] 25165824
		mem[ 13 ] 100
		mem[ 14 ] 1
		mem[ 15 ] -1
		mem[ 16 ] 4
		mem[ 17 ] 18
		mem[ 18 ] 100
		mem[ 19 ] 7
		mem[ 20 ] 4
		mem[ 21 ] 6
		mem[ 22 ] 3
	registers:
		reg[ 0 ] 0
		reg[ 1 ] 18
		reg[ 2 ] 4
		reg[ 3 ] 1
		reg[ 4 ] 100
		reg[ 5 ] 1
		reg[ 6 ] 19
		reg[ 7 ] 100
end state

@@@
state:
	pc 7
	memory:
		mem[ 0 ] 8454161
		mem[ 1 ] 8519696
		mem[ 2 ] 8585230
		mem[ 3 ] 8847373
		mem[ 4 ] 5
		mem[ 5 ] 851974
		mem[ 6 ] 16187392
		mem[ 7 ] 11796480
		mem[ 8 ] 15990784
		mem[ 9 ] 2818053
		mem[ 10 ] 19529729
		mem[ 11 ] 16842745
		mem[ 12 ] 25165824
		mem[ 13 ] 100
		mem[ 14 ] 1
		mem[ 15 ] -1
		mem[ 16 ] 4
		mem[ 17 ] 18
		mem[ 18 ] 100
		mem[ 19 ] 100
		mem[ 20 ] 4
		mem[ 21 ] 6
		mem[ 22 ] 3
	registers:
		reg[ 0 ] 0
		reg[ 1 ] 18
		reg[ 2 ] 4
		reg[ 3 ] 1
		reg[ 4 ] 100
		reg[ 5 ] 1
		reg[ 6 ] 19
		reg[ 7 ] 100
end state

@@@
state:
	pc 8
	memory:
		mem[ 0 ] 8454161
		mem[ 1 ] 8519696
		mem[ 2 ] 8585230
		mem[ 3 ] 8847373
		mem[ 4 ] 5
		mem[ 5 ] 851974
		mem[ 6 ] 16187392
		mem[ 7 ] 11796480
		mem[ 8 ] 15990784
		mem[ 9 ] 2818053
		mem[ 10 ] 19529729
		mem[ 11 ] 16842745
		mem[ 12 ] 25165824
		mem[ 13 ] 100
		mem[ 14 ] 1
		mem[ 15 ] -1
		mem[ 16 ] 4
		mem[ 17 ] 18
		mem[ 18 ] 100
		mem[ 19 ] 100
		mem[ 20 ] 4
		mem[ 21 ] 6
		mem[ 22 ] 3
	registers:
		reg[ 0 ] 0
		reg[ 1 ] 18
		reg[ 2 ] 4
		reg[ 3 ] 1
		reg[ 4 ] 100
		reg[ 5 ] 1
		reg[ 6 ] 19
		reg[ 7 ] 100
end state

@@@
state:
	pc 9
	memory:
		mem[ 0 ] 8454161
		mem[ 1 ] 8519696
		mem[ 2 ] 8585230
		mem[ 3 ] 8847373
		mem[ 4 ] 5
		mem[ 5 ] 851974
		mem[ 6 ] 16187392
		mem[ 7 ] 11796480
		mem[ 8 ] 15990784
		mem[ 9 ] 2818053
		mem[ 10 ] 19529729
		mem[ 11 ] 16842745
		mem[ 12 ] 25165824
		mem[ 13 ] 100
		mem[ 14 ] 1
		mem[ 15 ] -1
		mem[ 16 ] 4
		mem[ 17 ] 18
		mem[ 18 ] 100
		mem[ 19 ] 100
		mem[ 20 ] 4
		mem[ 21 ] 6
		mem[ 22 ] 3
	registers:
		reg[ 0 ] 0
		reg[ 1 ] 18
		reg[ 2 ] 4
		reg[ 3 ] 1
		reg[ 4 ] 100
		reg[ 5 ] 1
		reg[ 6 ] 19
		reg[ 7 ] 100
end state

@@@
state:
	pc 10
	memory:
		mem[ 0 ] 8454161
		mem[ 1 ] 8519696
		mem[ 2 ] 8585230
		mem[ 3 ] 8847373
		mem[ 4 ] 5
		mem[ 5 ] 851974
		mem[ 6 ] 16187392
		mem[ 7 ] 11796480
		mem[ 8 ] 15990784
		mem[ 9 ] 2818053
		mem[ 10 ] 19529729
		mem[ 11 ] 16842745
		mem[ 12 ] 25165824
		mem[ 13 ] 100
		mem[ 14 ] 1
		mem[ 15 ] -1
		mem[ 16 ] 4
		mem[ 17 ] 18
		mem[ 18 ] 100
		mem[ 19 ] 100
		mem[ 20 ] 4
		mem[ 21 ] 6
		mem[ 22 ] 3
	registers:
		reg[ 0 ] 0
		reg[ 1 ] 18
		reg[ 2 ] 4
		reg[ 3 ] 1
		reg[ 4 ] 100
		reg[ 5 ] 2
		reg[ 6 ] 19
		reg[ 7 ] 100
end state

@@@
state:
	pc 11
	memory:
		mem[ 0 ] 8454161
		mem[ 1 ] 8519696
		mem[ 2 ] 8585230
		mem[ 3 ] 8847373
		mem[ 4 ] 5
		mem[ 5 ] 851974
		mem[ 6 ] 16187392
		mem[ 7 ] 11796480
		mem[ 8 ] 15990784
		mem[ 9 ] 2818053
		mem[ 10 ] 19529729
		mem[ 11 ] 16842745
		mem[ 12 ] 25165824
		mem[ 13 ] 100
		mem[ 14 ] 1
		mem[ 15 ] -1
		mem[ 16 ] 4
		mem[ 17 ] 18
		mem[ 18 ] 100
		mem[ 19 ] 100
		mem[ 20 ] 4
		mem[ 21 ] 6
		mem[ 22 ] 3
	registers:
		reg[ 0 ] 0
		reg[ 1 ] 18
		reg[ 2 ] 4
		reg[ 3 ] 1
		reg[ 4 ] 100
		reg[ 5 ] 2
		reg[ 6 ] 19
		reg[ 7 ] 100
end state

@@@
state:
	pc 5
	memory:
		mem[ 0 ] 8454161
		mem[ 1 ] 8519696
		mem[ 2 ] 8585230
		mem[ 3 ] 8847373
		mem[ 4 ] 5
		mem[ 5 ] 851974
		mem[ 6 ] 16187392
		mem[ 7 ] 11796480
		mem[ 8 ] 15990784
		mem[ 9 ] 2818053
		mem[ 10 ] 19529729
		mem[ 11 ] 16842745
		mem[ 12 ] 25165824
		mem[ 13 ] 100
		mem[ 14 ] 1
		mem[ 15 ] -1
		mem[ 16 ] 4
		mem[ 17 ] 18
		mem[ 18 ] 100
		mem[ 19 ] 100
		mem[ 20 ] 4
		mem[ 21 ] 6
		mem[ 22 ] 3
	registers:
		reg[ 0 ] 0
		reg[ 1 ] 18
		reg[ 2 ] 4
		reg[ 3 ] 1
		reg[ 4 ] 100
		reg[ 5 ] 2
		reg[ 6 ] 19
		reg[ 7 ] 100
end state

@@@
state:
	pc 6
	memory:
		mem[ 0 ] 8454161
		mem[ 1 ] 8519696
		mem[ 2 ] 8585230
		mem[ 3 ] 8847373
		mem[ 4 ] 5
		mem[ 5 ] 851974
		mem[ 6 ] 16187392
		mem[ 7 ] 11796480
		mem[ 8 ] 15990784
		mem[ 9 ] 2818053
		mem[ 10 ] 19529729
		mem[ 11 ] 16842745
		mem[ 12 ] 25165824
		mem[ 13 ] 100
		mem[ 14 ] 1
		mem[ 15 ] -1
		mem[ 16 ] 4
		mem[ 17 ] 18
		mem[ 18 ] 100
		mem[ 19 ] 100
		mem[ 20 ] 4
		mem[ 21 ] 6
		mem[ 22 ] 3
	registers:
		reg[ 0 ] 0
		reg[ 1 ] 18
		reg[ 2 ] 4
		reg[ 3 ] 1
		reg[ 4 ] 100
		reg[ 5 ] 2
		reg[ 6 ] 20
		reg[ 7 ] 100
end state

@@@
state:
	pc 7
	memory:
		mem[ 0 ] 8454161
		mem[ 1 ] 8519696
		mem[ 2 ] 8585230
		mem[ 3 ] 8847373
		mem[ 4 ] 5
		mem[ 5 ] 851974
		mem[ 6 ] 16187392
		mem[ 7 ] 11796480
		mem[ 8 ] 15990784
		mem[ 9 ] 2818053
		mem[ 10 ] 19529729
		mem[ 11 ] 16842745
		mem[ 12 ] 25165824
		mem[ 13 ] 100
		mem[ 14 ] 1
		mem[ 15 ] -1
		mem[ 16 ] 4
		mem[ 17 ] 18
		mem[ 18 ] 100
		mem[ 19 ] 100
		mem[ 20 ] 100
		mem[ 21 ] 6
		mem[ 22 ] 3
	registers:
		reg[ 0 ] 0
		reg[ 1 ] 18
		reg[ 2 ] 4
		reg[ 3 ] 1
		reg[ 4 ] 100
		reg[ 5 ] 2
		reg[ 6 ] 20
		reg[ 7 ] 100
end state

@@@
state:
	pc 8
	memory:
		mem[ 0 ] 8454161
		mem[ 1 ] 8519696
		mem[ 2 ] 8585230
		mem[ 3 ] 8847373
		mem[ 4 ] 5
		mem[ 5 ] 851974
		mem[ 6 ] 16187392
		mem[ 7 ] 11796480
		mem[ 8 ] 15990784
		mem[ 9 ] 2818053
		mem[ 10 ] 19529729
		mem[ 11 ] 16842745
		mem[ 12 ] 25165824
		mem[ 13 ] 100
		mem[ 14 ] 1
		mem[ 15 ] -1
		mem[ 16 ] 4
		mem[ 17 ] 18
		mem[ 18 ] 100
		mem[ 19 ] 100
		mem[ 20 ] 100
		mem[ 21 ] 6
		mem[ 22 ] 3
	registers:
		reg[ 0 ] 0
		reg[ 1 ] 18
		reg[ 2 ] 4
		reg[ 3 ] 1
		reg[ 4 ] 100
		reg[ 5 ] 2
		reg[ 6 ] 20
		reg[ 7 ] 100
end state

@@@
state:
	pc 9
	memory:
		mem[ 0 ] 8454161
		mem[ 1 ] 8519696
		mem[ 2 ] 8585230
		mem[ 3 ] 8847373
		mem[ 4 ] 5
		mem[ 5 ] 851974
		mem[ 6 ] 16187392
		mem[ 7 ] 11796480
		mem[ 8 ] 15990784
		mem[ 9 ] 2818053
		mem[ 10 ] 19529729
		mem[ 11 ] 16842745
		mem[ 12 ] 25165824
		mem[ 13 ] 100
		mem[ 14 ] 1
		mem[ 15 ] -1
		mem[ 16 ] 4
		mem[ 17 ] 18
		mem[ 18 ] 100
		mem[ 19 ] 100
		mem[ 20 ] 100
		mem[ 21 ] 6
		mem[ 22 ] 3
	registers:
		reg[ 0 ] 0
		reg[ 1 ] 18
		reg[ 2 ] 4
		reg[ 3 ] 1
		reg[ 4 ] 100
		reg[ 5 ] 2
		reg[ 6 ] 20
		reg[ 7 ] 100
end state

@@@
state:
	pc 10
	memory:
		mem[ 0 ] 8454161
		mem[ 1 ] 8519696
		mem[ 2 ] 8585230
		mem[ 3 ] 8847373
		mem[ 4 ] 5
		mem[ 5 ] 851974
		mem[ 6 ] 16187392
		mem[ 7 ] 11796480
		mem[ 8 ] 15990784
		mem[ 9 ] 2818053
		mem[ 10 ] 19529729
		mem[ 11 ] 16842745
		mem[ 12 ] 25165824
		mem[ 13 ] 100
		mem[ 14 ] 1
		mem[ 15 ] -1
		mem[ 16 ] 4
		mem[ 17 ] 18
		mem[ 18 ] 100
		mem[ 19 ] 100
		mem[ 20 ] 100
		mem[ 21 ] 6
		mem[ 22 ] 3
	registers:
		reg[ 0 ] 0
		reg[ 1 ] 18
		reg[ 2 ] 4
		reg[ 3 ] 1
		reg[ 4 ] 100
		reg[ 5 ] 3
		reg[ 6 ] 20
		reg[ 7 ] 100
end state

@@@
state:
	pc 11
	memory:
		mem[ 0 ] 8454161
		mem[ 1 ] 8519696
		mem[ 2 ] 8585230
		mem[ 3 ] 8847373
		mem[ 4 ] 5
		mem[ 5 ] 851974
		mem[ 6 ] 16187392
		mem[ 7 ] 11796480
		mem[ 8 ] 15990784
		mem[ 9 ] 2818053
		mem[ 10 ] 19529729
		mem[ 11 ] 16842745
		mem[ 12 ] 25165824
		mem[ 13 ] 100
		mem[ 14 ] 1
		mem[ 15 ] -1
		mem[ 16 ] 4
		mem[ 17 ] 18
		mem[ 18 ] 100
		mem[ 19 ] 100
		mem[ 20 ] 100
		mem[ 21 ] 6
		mem[ 22 ] 3
	registers:
		reg[ 0 ] 0
		reg[ 1 ] 18
		reg[ 2 ] 4
		reg[ 3 ] 1
		reg[ 4 ] 100
		reg[ 5 ] 3
		reg[ 6 ] 20
		reg[ 7 ] 100
end state

@@@
state:
	pc 5
	memory:
		mem[ 0 ] 8454161
		mem[ 1 ] 8519696
		mem[ 2 ] 8585230
		mem[ 3 ] 8847373
		mem[ 4 ] 5
		mem[ 5 ] 851974
		mem[ 6 ] 16187392
		mem[ 7 ] 11796480
		mem[ 8 ] 15990784
		mem[ 9 ] 2818053
		mem[ 10 ] 19529729
		mem[ 11 ] 16842745
		mem[ 12 ] 25165824
		mem[ 13 ] 100
		mem[ 14 ] 1
		mem[ 15 ] -1
		mem[ 16 ] 4
		mem[ 17 ] 18
		mem[ 18 ] 100
		mem[ 19 ] 100
		mem[ 20 ] 100
		mem[ 21 ] 6
		mem[ 22 ] 3
	registers:
		reg[ 0 ] 0
		reg[ 1 ] 18
		reg[ 2 ] 4
		reg[ 3 ] 1
		reg[ 4 ] 100
		reg[ 5 ] 3
		reg[ 6 ] 20
		reg[ 7 ] 100
end state

@@@
state:
	pc 6
	memory:
		mem[ 0 ] 8454161
		mem[ 1 ] 8519696
		mem[ 2 ] 8585230
		mem[ 3 ] 8847373
		mem[ 4 ] 5
		mem[ 5 ] 851974
		mem[ 6 ] 16187392
		mem[ 7 ] 11796480
		mem[ 8 ] 15990784
		mem[ 9 ] 2818053
		mem[ 10 ] 19529729
		mem[ 11 ] 16842745
		mem[ 12 ] 25165824
		mem[ 13 ] 100
		mem[ 14 ] 1
		mem[ 15 ] -1
		mem[ 16 ] 4
		mem[ 17 ] 18
		mem[ 18 ] 100
		mem[ 19 ] 100
		mem[ 20 ] 100
		mem[ 21 ] 6
		mem[ 22 ] 3
	registers:
		reg[ 0 ] 0
		reg[ 1 ] 18
		reg[ 2 ] 4
		reg[ 3 ] 1
		reg[ 4 ] 100
		reg[ 5 ] 3
		reg[ 6 ] 21
		reg[ 7 ] 100
end state

@@@
state:
	pc 7
	memory:
		mem[ 0 ] 8454161
		mem[ 1 ] 8519696
		mem[ 2 ] 8585230
		mem[ 3 ] 8847373
		mem[ 4 ] 5
		mem[ 5 ] 851974
		mem[ 6 ] 16187392
		mem[ 7 ] 11796480
		mem[ 8 ] 15990784
		mem[ 9 ] 2818053
		mem[ 10 ] 19529729
		mem[ 11 ] 16842745
		mem[ 12 ] 25165824
		mem[ 13 ] 100
		mem[ 14 ] 1
		mem[ 15 ] -1
		mem[ 16 ] 4
		mem[ 17 ] 18
		mem[ 18 ] 100
		mem[ 19 ] 100
		mem[ 20 ] 100
		mem[ 21 ] 100
		mem[ 22 ] 3
	registers:
		reg[ 0 ] 0
		reg[ 1 ] 18
		reg[ 2 ] 4
		reg[ 3 ] 1
		reg[ 4 ] 100
		reg[ 5 ] 3
		reg[ 6 ] 21
		reg[ 7 ] 100
end state

@@@
state:
	pc 8
	memory:
		mem[ 0 ] 8454161
		mem[ 1 ] 8519696
		mem[ 2 ] 8585230
		mem[ 3 ] 8847373
		mem[ 4 ] 5
		mem[ 5 ] 851974
		mem[ 6 ] 16187392
		mem[ 7 ] 11796480
		mem[ 8 ] 15990784
		mem[ 9 ] 2818053
		mem[ 10 ] 19529729
		mem[ 11 ] 16842745
		mem[ 12 ] 25165824
		mem[ 13 ] 100
		mem[ 14 ] 1
		mem[ 15 ] -1
		mem[ 16 ] 4
		mem[ 17 ] 18
		mem[ 18 ] 100
		mem[ 19 ] 100
		mem[ 20 ] 100
		mem[ 21 ] 100
		mem[ 22 ] 3
	registers:
		reg[ 0 ] 0
		reg[ 1 ] 18
		reg[ 2 ] 4
		reg[ 3 ] 1
		reg[ 4 ] 100
		reg[ 5 ] 3
		reg[ 6 ] 21
		reg[ 7 ] 100
end state

@@@
state:
	pc 9
	memory:
		mem[ 0 ] 8454161
		mem[ 1 ] 8519696
		mem[ 2 ] 8585230
		mem[ 3 ] 8847373
		mem[ 4 ] 5
		mem[ 5 ] 851974
		mem[ 6 ] 16187392
		mem[ 7 ] 11796480
		mem[ 8 ] 15990784
		mem[ 9 ] 2818053
		mem[ 10 ] 19529729
		mem[ 11 ] 16842745
		mem[ 12 ] 25165824
		mem[ 13 ] 100
		mem[ 14 ] 1
		mem[ 15 ] -1
		mem[ 16 ] 4
		mem[ 17 ] 18
		mem[ 18 ] 100
		mem[ 19 ] 100
		mem[ 20 ] 100
		mem[ 21 ] 100
		mem[ 22 ] 3
	registers:
		reg[ 0 ] 0
		reg[ 1 ] 18
		reg[ 2 ] 4
		reg[ 3 ] 1
		reg[ 4 ] 100
		reg[ 5 ] 3
		reg[ 6 ] 21
		reg[ 7 ] 100
end state

@@@
state:
	pc 10
	memory:
		mem[ 0 ] 8454161
		mem[ 1 ] 8519696
		mem[ 2 ] 8585230
		mem[ 3 ] 8847373
		mem[ 4 ] 5
		mem[ 5 ] 851974
		mem[ 6 ] 16187392
		mem[ 7 ] 11796480
		mem[ 8 ] 15990784
		mem[ 9 ] 2818053
		mem[ 10 ] 19529729
		mem[ 11 ] 16842745
		mem[ 12 ] 25165824
		mem[ 13 ] 100
		mem[ 14 ] 1
		mem[ 15 ] -1
		mem[ 16 ] 4
		mem[ 17 ] 18
		mem[ 18 ] 100
		mem[ 19 ] 100
		mem[ 20 ] 100
		mem[ 21 ] 100
		mem[ 22 ] 3
	registers:
		reg[ 0 ] 0
		reg[ 1 ] 18
		reg[ 2 ] 4
		reg[ 3 ] 1
		reg[ 4 ] 100
		reg[ 5 ] 4
		reg[ 6 ] 21
		reg[ 7 ] 100
end state

@@@
state:
	pc 12
	memory:
		mem[ 0 ] 8454161
		mem[ 1 ] 8519696
		mem[ 2 ] 8585230
		mem[ 3 ] 8847373
		mem[ 4 ] 5
		mem[ 5 ] 851974
		mem[ 6 ] 16187392
		mem[ 7 ] 11796480
		mem[ 8 ] 15990784
		mem[ 9 ] 2818053
		mem[ 10 ] 19529729
		mem[ 11 ] 16842745
		mem[ 12 ] 25165824
		mem[ 13 ] 100
		mem[ 14 ] 1
		mem[ 15 ] -1
		mem[ 16 ] 4
		mem[ 17 ] 18
		mem[ 18 ] 100
		mem[ 19 ] 100
		mem[ 20 ] 100
		mem[ 21 ] 100
		mem[ 22 ] 3
	registers:
		reg[ 0 ] 0
		reg[ 1 ] 18
		reg[ 2 ] 4
		reg[ 3 ] 1
		reg[ 4 ] 100
		reg[ 5 ] 4
		reg[ 6 ] 21
		reg[ 7 ] 100
end state
machine halted
total of 33 instructions executed
final state of machine:

@@@
state:
	pc 13
	memory:
		mem[ 0 ] 8454161
		mem[ 1 ] 8519696
		mem[ 2 ] 8585230
		mem[ 3 ] 8847373
		mem[ 4 ] 5
		mem[ 5 ] 851974
		mem[ 6 ] 16187392
		mem[ 7 ] 11796480
		mem[ 8 ] 15990784
		mem[ 9 ] 2818053
		mem[ 10 ] 19529729
		mem[ 11 ] 16842745
		mem[ 12 ] 25165824
		mem[ 13 ] 100
		mem[ 14 ] 1
		mem[ 15 ] -1
		mem[ 16 ] 4
		mem[ 17 ] 18
		mem[ 18 ] 100
		mem[ 19 ] 100
		mem[ 20 ] 100
		mem[ 21 ] 100
		mem[ 22 ] 3
	registers:
		reg[ 0 ] 0
		reg[ 1 ] 18
		reg[ 2 ] 4
		reg[ 3 ] 1
		reg[ 4 ] 100
		reg[ 5 ] 4
		reg[ 6 ] 21
		reg[ 7 ] 100
end state
